<?xml version="1.0" encoding="UTF-8" standalone="no"?>
<!DOCTYPE log SYSTEM "logger.dtd">
<log>
<record>
  <date>2023-10-13T00:56:22.381-0300</date>
  <logger>KAYKY FIDELIS SERAFIM</logger>
  <level>FINE</level>
  <message>File 122110481-KAYKY FIDELIS SERAFIM.zip was received. It was sent by KAYKY FIDELIS SERAFIM from IP 192.168.1.102 at 13-10-2023 00*56*22</message>
</record>
</log>
<?xml version="1.0" encoding="UTF-8" standalone="no"?>
<!DOCTYPE log SYSTEM "logger.dtd">
<log>
<record>
  <date>2023-10-18T21:53:22.258-0300</date>
  <logger>KAYKY FIDELIS SERAFIM</logger>
  <level>FINE</level>
  <message>File 122110481-KAYKY FIDELIS SERAFIM.zip was received. It was sent by KAYKY FIDELIS SERAFIM from IP 172.20.128.1 at 18-10-2023 21*53*22</message>
</record>
</log>
<?xml version="1.0" encoding="UTF-8" standalone="no"?>
<!DOCTYPE log SYSTEM "logger.dtd">
<log>
<record>
  <date>2023-10-18T21:53:56.700-0300</date>
  <logger>KAYKY FIDELIS SERAFIM</logger>
  <level>FINE</level>
  <message>File 122110481-KAYKY FIDELIS SERAFIM.zip was received. It was sent by KAYKY FIDELIS SERAFIM from IP 172.20.128.1 at 18-10-2023 21*53*56</message>
</record>
