<?xml version="1.0" encoding="UTF-8" standalone="no"?>
<!DOCTYPE log SYSTEM "logger.dtd">
<log>
<record>
  <date>2023-08-24T23:56:50.519-0300</date>
  <logger>KAYKY FIDELIS SERAFIM</logger>
  <level>FINE</level>
  <message>File 122110481-KAYKY FIDELIS SERAFIM.zip was received. It was sent by KAYKY FIDELIS SERAFIM from IP 172.19.96.1 at 24-08-2023 23*56*50</message>
</record>
</log>
<?xml version="1.0" encoding="UTF-8" standalone="no"?>
<!DOCTYPE log SYSTEM "logger.dtd">
<log>
<record>
  <date>2023-08-25T08:29:37.637-0300</date>
  <logger>KAYKY FIDELIS SERAFIM</logger>
  <level>FINE</level>
  <message>File 122110481-KAYKY FIDELIS SERAFIM.zip was received. It was sent by KAYKY FIDELIS SERAFIM from IP 172.19.96.1 at 25-08-2023 08*29*37</message>
</record>
</log>
<?xml version="1.0" encoding="UTF-8" standalone="no"?>
<!DOCTYPE log SYSTEM "logger.dtd">
<log>
<record>
  <date>2023-08-25T08:34:00.797-0300</date>
  <logger>KAYKY FIDELIS SERAFIM</logger>
  <level>FINE</level>
  <message>File 122110481-KAYKY FIDELIS SERAFIM.zip was received. It was sent by KAYKY FIDELIS SERAFIM from IP 172.19.96.1 at 25-08-2023 08*34*00</message>
</record>
