<?xml version="1.0" encoding="UTF-8" standalone="no"?>
<!DOCTYPE log SYSTEM "logger.dtd">
<log>
<record>
  <date>2023-07-28T11:11:00.498-0300</date>
  <logger>KAYKY FIDELIS SERAFIM</logger>
  <level>FINE</level>
  <message>File 122110481-KAYKY FIDELIS SERAFIM.zip was received. It was sent by KAYKY FIDELIS SERAFIM from IP 150.165.42.160 at 28-07-2023 11*10*59</message>
</record>
</log>
<?xml version="1.0" encoding="UTF-8" standalone="no"?>
<!DOCTYPE log SYSTEM "logger.dtd">
<log>
<record>
  <date>2023-07-28T20:23:22.815-0300</date>
  <logger>KAYKY FIDELIS SERAFIM</logger>
  <level>FINE</level>
  <message>File 122110481-KAYKY FIDELIS SERAFIM.zip was received. It was sent by KAYKY FIDELIS SERAFIM from IP 192.168.1.103 at 28-07-2023 20*23*22</message>
</record>
</log>
<?xml version="1.0" encoding="UTF-8" standalone="no"?>
<!DOCTYPE log SYSTEM "logger.dtd">
<log>
<record>
  <date>2023-08-04T07:01:25.988-0300</date>
  <logger>KAYKY FIDELIS SERAFIM</logger>
  <level>FINE</level>
  <message>File 122110481-KAYKY FIDELIS SERAFIM.zip was received. It was sent by KAYKY FIDELIS SERAFIM from IP 192.168.119.191 at 04-08-2023 07*01*25</message>
</record>
