<?xml version="1.0" encoding="UTF-8" standalone="no"?>
<!DOCTYPE log SYSTEM "logger.dtd">
<log>
<record>
  <date>2023-10-20T10:27:52.217-0300</date>
  <logger>KAYKY FIDELIS SERAFIM</logger>
  <level>FINE</level>
  <message>File 122110481-KAYKY FIDELIS SERAFIM.zip was received. It was sent by KAYKY FIDELIS SERAFIM from IP 150.165.42.191 at 20-10-2023 10*27*52</message>
</record>
</log>
<?xml version="1.0" encoding="UTF-8" standalone="no"?>
<!DOCTYPE log SYSTEM "logger.dtd">
<log>
<record>
  <date>2023-10-27T02:18:57.091-0300</date>
  <logger>KAYKY FIDELIS SERAFIM</logger>
  <level>FINE</level>
  <message>File 122110481-KAYKY FIDELIS SERAFIM.zip was received. It was sent by KAYKY FIDELIS SERAFIM from IP 192.168.1.102 at 27-10-2023 02*18*57</message>
</record>
</log>
<?xml version="1.0" encoding="UTF-8" standalone="no"?>
<!DOCTYPE log SYSTEM "logger.dtd">
<log>
<record>
  <date>2023-10-27T11:03:00.844-0300</date>
  <logger>KAYKY FIDELIS SERAFIM</logger>
  <level>FINE</level>
  <message>File 122110481-KAYKY FIDELIS SERAFIM.zip was received. It was sent by KAYKY FIDELIS SERAFIM from IP 150.165.42.157 at 27-10-2023 11*03*00</message>
</record>
